<?xml version="1.0" encoding="UTF-8"?>
<!-- Generated by org.testng.reporters.JUnitReportReporter -->
<testsuite hostname="Vikas" failures="0" tests="2" name="Facebook.LoginPageTest" time="0.010" errors="0" timestamp="2020-09-09T12:25:58 IST" skipped="0">
  <testcase classname="Facebook.LoginPageTest" name="ClickOnLogin" time="0.009"/>
  <system-out/>
  <testcase classname="Facebook.LoginPageTest" name="EnterDetails" time="0.001"/>
  <system-out/>
</testsuite> <!-- Facebook.LoginPageTest -->
