<?xml version="1.0" encoding="UTF-8"?>
<!-- Generated by org.testng.reporters.JUnitReportReporter -->
<testsuite hostname="Vikas" failures="0" tests="1" name="Facebook.AppTest" time="0.076" errors="0" timestamp="2020-09-09T12:25:59 IST" skipped="0">
  <testcase classname="Facebook.AppTest" name="shouldAnswerWithTrue" time="0.076"/>
  <system-out/>
</testsuite> <!-- Facebook.AppTest -->
