<?xml version="1.0" encoding="UTF-8"?>
<!-- Generated by org.testng.reporters.JUnitReportReporter -->
<testsuite hostname="Vikas" failures="0" tests="2" name="Facebook.LoginPageTest" time="0.005" errors="0" timestamp="2020-09-09T13:46:59 IST" skipped="0">
  <testcase classname="Facebook.LoginPageTest" name="EnterDetails" time="0.003"/>
  <system-out/>
  <testcase classname="Facebook.LoginPageTest" name="ClickOnLogin" time="0.002"/>
  <system-out/>
</testsuite> <!-- Facebook.LoginPageTest -->
