<?xml version="1.0" encoding="UTF-8"?>
<!-- Generated by org.testng.reporters.JUnitReportReporter -->
<testsuite hostname="Vikas" failures="0" tests="1" name="Facebook.LoginPage" time="19.156" errors="0" timestamp="2020-09-09T13:46:59 IST" skipped="0">
  <testcase classname="Facebook.LoginPage" name="HomePage" time="19.156"/>
  <system-out/>
</testsuite> <!-- Facebook.LoginPage -->
